INFO [2023-08-19 15:00:42] Starting Unico...
INFO [2023-08-19 15:00:42] Starting parameter learning ...
INFO [2023-08-19 15:00:42] Initiate cluster...
INFO [2023-08-19 15:00:43] Parallel is on with 12 nodes.
INFO [2023-08-19 15:00:44] Packages were loaded into the cluster nodes.
INFO [2023-08-19 15:01:27] Stop cluster
INFO [2023-08-19 15:01:27] Formating results ...
INFO [2023-08-19 15:01:27] Finished parameter learning
INFO [2023-08-19 15:01:27] Starting tensor ...
INFO [2023-08-19 15:01:31] Formating tensor result...
INFO [2023-08-19 15:01:31] Finished tensor estimation
INFO [2023-08-19 15:09:21] Starting Unico...
INFO [2023-08-19 15:09:21] Starting parameter learning ...
INFO [2023-08-19 15:09:21] Initiate cluster...
INFO [2023-08-19 15:09:21] Parallel is on with 12 nodes.
INFO [2023-08-19 15:09:23] Packages were loaded into the cluster nodes.
INFO [2023-08-19 15:10:08] Stop cluster
INFO [2023-08-19 15:10:08] Formating results ...
INFO [2023-08-19 15:10:08] Finished parameter learning
INFO [2023-08-19 15:10:08] Starting tensor ...
INFO [2023-08-19 15:10:13] Formating tensor result...
INFO [2023-08-19 15:10:13] Finished tensor estimation
INFO [2023-08-20 15:49:23] Starting Unico...
INFO [2023-08-20 15:49:23] Starting parameter learning ...
INFO [2023-08-20 15:49:23] Initiate cluster...
INFO [2023-08-20 15:49:24] Parallel is on with 12 nodes.
INFO [2023-08-20 15:49:26] Packages were loaded into the cluster nodes.
INFO [2023-08-20 15:50:05] Stop cluster
INFO [2023-08-20 15:50:05] Formating results ...
INFO [2023-08-20 15:50:05] Finished parameter learning
INFO [2023-08-20 15:50:05] Starting tensor ...
INFO [2023-08-20 15:50:09] Formating tensor result...
INFO [2023-08-20 15:50:10] Finished tensor estimation
