INFO [2024-01-07 10:50:12] Start simulation ...
INFO [2024-01-07 10:50:12] Finished simulation
INFO [2024-01-07 10:57:11] Starting Unico ...
INFO [2024-01-07 10:57:30] Starting Unico ...
INFO [2024-01-07 10:57:30] Validate Unico inputs
INFO [2024-01-07 10:57:30] Starting parameter learning ...
INFO [2024-01-07 10:57:30] Initiate cluster ...
INFO [2024-01-07 10:57:31] Parallel is on with 9 nodes.
INFO [2024-01-07 10:57:32] Packages were loaded into the cluster nodes.
INFO [2024-01-07 10:57:35] Stop cluster
INFO [2024-01-07 10:57:35] Formating results ...
INFO [2024-01-07 10:57:35] Capping extreme values in estimated parameters
INFO [2024-01-07 10:57:35] Finished parameter learning
INFO [2024-01-07 10:58:19] Starting Unico ...
INFO [2024-01-07 10:58:19] Validate Unico inputs
INFO [2024-01-07 10:58:19] Starting parameter learning ...
INFO [2024-01-07 10:58:19] Initiate cluster ...
INFO [2024-01-07 10:58:20] Parallel is on with 9 nodes.
INFO [2024-01-07 10:58:21] Packages were loaded into the cluster nodes.
INFO [2024-01-07 10:58:24] Stop cluster
INFO [2024-01-07 10:58:24] Formating results ...
INFO [2024-01-07 10:58:24] Capping extreme values in estimated parameters
INFO [2024-01-07 10:58:24] Finished parameter learning
INFO [2024-01-07 10:59:10] Starting Unico ...
INFO [2024-01-07 10:59:10] Validate Unico inputs
INFO [2024-01-07 10:59:10] Starting parameter learning ...
INFO [2024-01-07 10:59:10] Initiate cluster ...
INFO [2024-01-07 10:59:11] Parallel is on with 9 nodes.
INFO [2024-01-07 10:59:12] Packages were loaded into the cluster nodes.
INFO [2024-01-07 10:59:15] Stop cluster
INFO [2024-01-07 10:59:15] Formating results ...
INFO [2024-01-07 10:59:15] Capping extreme values in estimated parameters
INFO [2024-01-07 10:59:15] Finished parameter learning
INFO [2024-01-07 11:00:39] Start simulation ...
INFO [2024-01-07 11:00:39] Finished simulation
INFO [2024-01-07 11:01:01] Starting Unico ...
INFO [2024-01-07 11:01:01] Validate Unico inputs
INFO [2024-01-07 11:01:01] Starting parameter learning ...
INFO [2024-01-07 11:01:01] Initiate cluster ...
INFO [2024-01-07 11:01:02] Parallel is on with 9 nodes.
INFO [2024-01-07 11:01:03] Packages were loaded into the cluster nodes.
INFO [2024-01-07 11:01:06] Stop cluster
INFO [2024-01-07 11:01:06] Formating results ...
INFO [2024-01-07 11:01:06] Capping extreme values in estimated parameters
INFO [2024-01-07 11:01:06] Finished parameter learning
INFO [2024-01-07 11:02:31] Starting Unico ...
INFO [2024-01-07 11:02:31] Validate Unico inputs
INFO [2024-01-07 11:02:31] Starting parameter learning ...
INFO [2024-01-07 11:02:31] Initiate cluster ...
INFO [2024-01-07 11:02:32] Parallel is on with 9 nodes.
INFO [2024-01-07 11:02:33] Packages were loaded into the cluster nodes.
INFO [2024-01-07 11:02:36] Stop cluster
INFO [2024-01-07 11:02:36] Formating results ...
INFO [2024-01-07 11:02:36] Capping extreme values in estimated parameters
INFO [2024-01-07 11:02:36] Finished parameter learning
INFO [2024-01-07 11:02:45] Start simulation ...
INFO [2024-01-07 11:02:45] Finished simulation
INFO [2024-01-07 11:02:50] Starting Unico ...
INFO [2024-01-07 11:02:50] Validate Unico inputs
INFO [2024-01-07 11:02:50] Starting parameter learning ...
INFO [2024-01-07 11:02:50] Initiate cluster ...
INFO [2024-01-07 11:02:51] Parallel is on with 9 nodes.
INFO [2024-01-07 11:02:52] Packages were loaded into the cluster nodes.
INFO [2024-01-07 11:02:55] Stop cluster
INFO [2024-01-07 11:02:55] Formating results ...
INFO [2024-01-07 11:02:55] Capping extreme values in estimated parameters
INFO [2024-01-07 11:02:55] Finished parameter learning
INFO [2024-01-07 11:05:20] Starting Unico ...
INFO [2024-01-07 11:05:20] Validate Unico inputs
INFO [2024-01-07 11:05:20] Starting parameter learning ...
INFO [2024-01-07 11:05:20] Initiate cluster ...
INFO [2024-01-07 11:05:21] Parallel is on with 9 nodes.
INFO [2024-01-07 11:05:22] Packages were loaded into the cluster nodes.
INFO [2024-01-07 11:05:25] Stop cluster
INFO [2024-01-07 11:05:25] Formating results ...
INFO [2024-01-07 11:05:25] Capping extreme values in estimated parameters
INFO [2024-01-07 11:05:25] Finished parameter learning
INFO [2024-01-07 11:06:37] Validate tensor inputs ...
INFO [2024-01-07 11:06:37] Starting tensor ...
INFO [2024-01-07 11:06:37] Initiate cluster ...
INFO [2024-01-07 11:06:38] Parallel is on with 9 nodes.
INFO [2024-01-07 11:06:38] Packages were loaded into the cluster nodes.
INFO [2024-01-07 11:06:39] Stop cluster
INFO [2024-01-07 11:06:39] Formating tensor result ...
INFO [2024-01-07 11:06:39] Finished tensor estimation
INFO [2024-01-07 11:08:26] Validate parametric inputs ...
INFO [2024-01-07 11:08:26] Preparing weights for parametric pvals calculation ...
INFO [2024-01-07 11:08:26] Starting parametric pvals calculation: parametric ...
INFO [2024-01-07 11:08:26] Initiate cluster ...
INFO [2024-01-07 11:08:27] Parallel is on with 9 nodes.
INFO [2024-01-07 11:08:27] Packages were loaded into the cluster nodes.
INFO [2024-01-07 11:08:27] Stop cluster
INFO [2024-01-07 11:08:27] Finished parametric pvals calculation: parametric
INFO [2024-01-07 11:08:41] Validate asymptotic inputs ...
INFO [2024-01-07 11:08:41] Preparing weights for asymptotic pvals calculation ...
INFO [2024-01-07 11:08:42] Starting asymptotic pvals calculation: asymptotic ...
INFO [2024-01-07 11:08:42] Initiate cluster ...
INFO [2024-01-07 11:08:42] Parallel is on with 9 nodes.
INFO [2024-01-07 11:08:43] Packages were loaded into the cluster nodes.
INFO [2024-01-07 11:08:43] Stop cluster
INFO [2024-01-07 11:08:43] Finished asymptotic pvals calculation: asymptotic
INFO [2024-01-07 11:13:25] Start simulation ...
INFO [2024-01-07 11:13:25] Finished simulation
INFO [2024-01-07 11:13:41] Starting Unico ...
INFO [2024-01-07 11:13:41] Validate Unico inputs
INFO [2024-01-07 11:13:41] Starting parameter learning ...
INFO [2024-01-07 11:13:41] Initiate cluster ...
INFO [2024-01-07 11:13:42] Parallel is on with 9 nodes.
INFO [2024-01-07 11:13:42] Packages were loaded into the cluster nodes.
INFO [2024-01-07 11:13:43] Stop cluster
INFO [2024-01-07 11:13:43] Formating results ...
INFO [2024-01-07 11:13:43] Capping extreme values in estimated parameters
INFO [2024-01-07 11:13:43] Finished parameter learning
INFO [2024-01-07 11:13:53] Starting Unico ...
INFO [2024-01-07 11:13:53] Validate Unico inputs
INFO [2024-01-07 11:13:53] Starting parameter learning ...
INFO [2024-01-07 11:13:53] Formating results ...
INFO [2024-01-07 11:13:53] Capping extreme values in estimated parameters
INFO [2024-01-07 11:13:53] Finished parameter learning
INFO [2024-01-07 11:14:14] Validate asymptotic inputs ...
INFO [2024-01-07 11:14:14] Preparing weights for asymptotic pvals calculation ...
INFO [2024-01-07 11:14:14] Starting asymptotic pvals calculation: asymptotic ...
INFO [2024-01-07 11:14:14] Initiate cluster ...
INFO [2024-01-07 11:14:15] Parallel is on with 9 nodes.
INFO [2024-01-07 11:14:15] Packages were loaded into the cluster nodes.
INFO [2024-01-07 11:14:15] Stop cluster
INFO [2024-01-07 11:14:15] Finished asymptotic pvals calculation: asymptotic
INFO [2024-01-07 11:14:40] Start simulation ...
INFO [2024-01-07 11:14:40] Finished simulation
INFO [2024-01-07 11:14:44] Starting Unico ...
INFO [2024-01-07 11:14:44] Validate Unico inputs
INFO [2024-01-07 11:14:44] Starting parameter learning ...
INFO [2024-01-07 11:14:45] Formating results ...
INFO [2024-01-07 11:14:45] Capping extreme values in estimated parameters
INFO [2024-01-07 11:14:45] Finished parameter learning
INFO [2024-01-07 11:15:04] Validate tensor inputs ...
INFO [2024-01-07 11:15:04] Starting tensor ...
INFO [2024-01-07 11:15:04] Formating tensor result ...
INFO [2024-01-07 11:15:04] Finished tensor estimation
INFO [2024-01-07 11:17:20] Start simulation ...
INFO [2024-01-07 11:17:20] Finished simulation
INFO [2024-01-07 11:17:25] Starting Unico ...
INFO [2024-01-07 11:17:25] Validate Unico inputs
INFO [2024-01-07 11:17:25] Starting parameter learning ...
INFO [2024-01-07 11:17:26] Formating results ...
INFO [2024-01-07 11:17:26] Capping extreme values in estimated parameters
INFO [2024-01-07 11:17:26] Finished parameter learning
INFO [2024-01-07 11:17:35] Starting Unico ...
INFO [2024-01-07 11:17:35] Validate Unico inputs
INFO [2024-01-07 11:17:35] Starting parameter learning ...
INFO [2024-01-07 11:17:35] Formating results ...
INFO [2024-01-07 11:17:35] Capping extreme values in estimated parameters
INFO [2024-01-07 11:17:35] Finished parameter learning
INFO [2024-01-07 11:17:40] Validate tensor inputs ...
INFO [2024-01-07 11:17:40] Starting tensor ...
INFO [2024-01-07 11:17:40] Formating tensor result ...
INFO [2024-01-07 11:17:40] Finished tensor estimation
INFO [2024-01-07 11:22:11] Validate tensor inputs ...
DEBUG [2024-01-07 11:22:11] Validating Unico inputs ...
DEBUG [2024-01-07 11:22:11] Validating Unico input types ...
DEBUG [2024-01-07 11:22:11] Validating Unico matrix structure ...
DEBUG [2024-01-07 11:22:11] Validating Unico matrix dimensions ...
DEBUG [2024-01-07 11:22:11] Validating the order of observations across matrices ...
DEBUG [2024-01-07 11:22:11] Validating Unico input values ...
DEBUG [2024-01-07 11:22:11] Validating model parameters ...
DEBUG [2024-01-07 11:22:11] Validating W, C1, C2 ...
DEBUG [2024-01-07 11:22:11] Validating model parameters types ...
DEBUG [2024-01-07 11:22:11] Validating model parameters structure ...
DEBUG [2024-01-07 11:22:11] Validating model parameters dimensions ...
DEBUG [2024-01-07 11:22:11] Validating model parameters values ...
DEBUG [2024-01-07 11:22:11] Validating inputs are consistent ...
INFO [2024-01-07 11:22:11] Starting tensor ...
INFO [2024-01-07 11:22:11] Formating tensor result ...
INFO [2024-01-07 11:22:11] Finished tensor estimation
INFO [2024-01-07 11:23:50] Start simulation ...
INFO [2024-01-07 11:23:50] Finished simulation
INFO [2024-01-07 11:24:03] Starting Unico ...
INFO [2024-01-07 11:24:03] Validate Unico inputs
INFO [2024-01-07 11:24:03] Starting parameter learning ...
INFO [2024-01-07 11:24:03] Initiate cluster ...
INFO [2024-01-07 11:24:04] Parallel is on with 9 nodes.
INFO [2024-01-07 11:24:05] Packages were loaded into the cluster nodes.
INFO [2024-01-07 11:24:05] Stop cluster
INFO [2024-01-07 11:24:05] Formating results ...
INFO [2024-01-07 11:24:05] Capping extreme values in estimated parameters
INFO [2024-01-07 11:24:05] Finished parameter learning
INFO [2024-01-07 11:24:21] Validate tensor inputs ...
INFO [2024-01-07 11:24:21] Starting tensor ...
INFO [2024-01-07 11:24:21] Initiate cluster ...
INFO [2024-01-07 11:24:22] Parallel is on with 9 nodes.
INFO [2024-01-07 11:24:23] Packages were loaded into the cluster nodes.
INFO [2024-01-07 11:24:23] Stop cluster
INFO [2024-01-07 11:24:23] Formating tensor result ...
INFO [2024-01-07 11:24:23] Finished tensor estimation
INFO [2024-01-07 11:25:54] Validate tensor inputs ...
DEBUG [2024-01-07 11:25:54] Validating Unico inputs ...
DEBUG [2024-01-07 11:25:54] Validating Unico input types ...
DEBUG [2024-01-07 11:25:54] Validating Unico matrix structure ...
DEBUG [2024-01-07 11:25:54] Validating Unico matrix dimensions ...
DEBUG [2024-01-07 11:25:54] Validating the order of observations across matrices ...
DEBUG [2024-01-07 11:25:54] Validating Unico input values ...
DEBUG [2024-01-07 11:25:54] Validating model parameters ...
DEBUG [2024-01-07 11:25:54] Validating W, C1, C2 ...
DEBUG [2024-01-07 11:25:54] Validating model parameters types ...
DEBUG [2024-01-07 11:25:54] Validating model parameters structure ...
DEBUG [2024-01-07 11:25:54] Validating model parameters dimensions ...
DEBUG [2024-01-07 11:25:54] Validating model parameters values ...
DEBUG [2024-01-07 11:25:54] Validating inputs are consistent ...
INFO [2024-01-07 11:25:54] Starting tensor ...
INFO [2024-01-07 11:25:54] Initiate cluster ...
INFO [2024-01-07 11:25:55] Parallel is on with 9 nodes.
INFO [2024-01-07 11:25:55] Packages were loaded into the cluster nodes.
INFO [2024-01-07 11:25:55] Stop cluster
INFO [2024-01-07 11:25:55] Formating tensor result ...
INFO [2024-01-07 11:25:55] Finished tensor estimation
INFO [2024-01-07 11:27:06] Validate tensor inputs ...
INFO [2024-01-07 11:27:55] Start simulation ...
INFO [2024-01-07 11:27:55] Finished simulation
INFO [2024-01-07 11:28:01] Starting Unico ...
INFO [2024-01-07 11:28:01] Validate Unico inputs
INFO [2024-01-07 11:28:01] Starting parameter learning ...
INFO [2024-01-07 11:28:01] Initiate cluster ...
INFO [2024-01-07 11:28:02] Parallel is on with 9 nodes.
INFO [2024-01-07 11:28:03] Packages were loaded into the cluster nodes.
INFO [2024-01-07 11:28:03] Stop cluster
INFO [2024-01-07 11:28:03] Formating results ...
INFO [2024-01-07 11:28:03] Capping extreme values in estimated parameters
INFO [2024-01-07 11:28:03] Finished parameter learning
INFO [2024-01-07 11:28:10] Starting Unico ...
INFO [2024-01-07 11:28:10] Validate Unico inputs
INFO [2024-01-07 11:28:10] Starting parameter learning ...
INFO [2024-01-07 11:28:10] Initiate cluster ...
INFO [2024-01-07 11:28:11] Parallel is on with 9 nodes.
INFO [2024-01-07 11:28:11] Packages were loaded into the cluster nodes.
INFO [2024-01-07 11:28:12] Stop cluster
INFO [2024-01-07 11:28:12] Formating results ...
INFO [2024-01-07 11:28:12] Capping extreme values in estimated parameters
INFO [2024-01-07 11:28:12] Finished parameter learning
INFO [2024-01-07 11:28:23] Validate tensor inputs ...
DEBUG [2024-01-07 11:28:23] Validating Unico inputs ...
DEBUG [2024-01-07 11:28:23] Validating Unico input types ...
DEBUG [2024-01-07 11:28:23] Validating Unico matrix structure ...
DEBUG [2024-01-07 11:28:23] Validating Unico matrix dimensions ...
DEBUG [2024-01-07 11:28:23] Validating the order of observations across matrices ...
DEBUG [2024-01-07 11:28:23] Validating Unico input values ...
DEBUG [2024-01-07 11:28:23] Validating model parameters ...
DEBUG [2024-01-07 11:28:23] Validating W, C1, C2 ...
DEBUG [2024-01-07 11:28:23] Validating model parameters types ...
DEBUG [2024-01-07 11:28:23] Validating model parameters structure ...
DEBUG [2024-01-07 11:28:23] Validating model parameters dimensions ...
DEBUG [2024-01-07 11:28:23] Validating model parameters values ...
DEBUG [2024-01-07 11:28:23] Validating inputs are consistent ...
INFO [2024-01-07 11:28:23] Starting tensor ...
INFO [2024-01-07 11:28:23] Initiate cluster ...
INFO [2024-01-07 11:28:24] Parallel is on with 9 nodes.
INFO [2024-01-07 11:28:24] Packages were loaded into the cluster nodes.
INFO [2024-01-07 11:28:25] Stop cluster
INFO [2024-01-07 11:28:25] Formating tensor result ...
INFO [2024-01-07 11:28:25] Finished tensor estimation
INFO [2024-01-07 11:33:11] Start simulation ...
INFO [2024-01-07 11:33:11] Finished simulation
INFO [2024-01-07 11:33:15] Starting Unico ...
INFO [2024-01-07 11:33:15] Validate Unico inputs
INFO [2024-01-07 11:33:15] Starting parameter learning ...
INFO [2024-01-07 11:33:15] Initiate cluster ...
INFO [2024-01-07 11:33:15] Parallel is on with 9 nodes.
INFO [2024-01-07 11:33:16] Packages were loaded into the cluster nodes.
INFO [2024-01-07 11:33:17] Stop cluster
INFO [2024-01-07 11:33:17] Formating results ...
INFO [2024-01-07 11:33:17] Capping extreme values in estimated parameters
INFO [2024-01-07 11:33:17] Finished parameter learning
INFO [2024-01-07 11:33:22] Validate tensor inputs ...
DEBUG [2024-01-07 11:33:22] Validating Unico inputs ...
DEBUG [2024-01-07 11:33:22] Validating Unico input types ...
DEBUG [2024-01-07 11:33:22] Validating Unico matrix structure ...
DEBUG [2024-01-07 11:33:22] Validating Unico matrix dimensions ...
DEBUG [2024-01-07 11:33:22] Validating the order of observations across matrices ...
DEBUG [2024-01-07 11:33:22] Validating Unico input values ...
DEBUG [2024-01-07 11:33:22] Validating model parameters ...
DEBUG [2024-01-07 11:33:22] Validating W, C1, C2 ...
DEBUG [2024-01-07 11:33:22] Validating model parameters types ...
DEBUG [2024-01-07 11:33:22] Validating model parameters structure ...
DEBUG [2024-01-07 11:33:22] Validating model parameters dimensions ...
DEBUG [2024-01-07 11:33:22] Validating model parameters values ...
DEBUG [2024-01-07 11:33:22] Validating inputs are consistent ...
INFO [2024-01-07 11:33:22] Starting tensor ...
INFO [2024-01-07 11:33:22] Initiate cluster ...
INFO [2024-01-07 11:33:23] Parallel is on with 9 nodes.
INFO [2024-01-07 11:33:24] Packages were loaded into the cluster nodes.
INFO [2024-01-07 11:33:24] Stop cluster
INFO [2024-01-07 11:33:24] Formating tensor result ...
INFO [2024-01-07 11:33:24] Finished tensor estimation
INFO [2024-01-07 11:34:02] Start simulation ...
INFO [2024-01-07 11:34:02] Finished simulation
INFO [2024-01-07 11:34:09] Starting Unico ...
INFO [2024-01-07 11:34:09] Validate Unico inputs
INFO [2024-01-07 11:34:09] Starting parameter learning ...
INFO [2024-01-07 11:34:09] Initiate cluster ...
INFO [2024-01-07 11:34:10] Parallel is on with 9 nodes.
INFO [2024-01-07 11:34:10] Packages were loaded into the cluster nodes.
INFO [2024-01-07 11:34:11] Stop cluster
INFO [2024-01-07 11:34:11] Formating results ...
INFO [2024-01-07 11:34:11] Capping extreme values in estimated parameters
INFO [2024-01-07 11:34:11] Finished parameter learning
INFO [2024-01-07 11:34:14] Validate tensor inputs ...
DEBUG [2024-01-07 11:34:14] Validating Unico inputs ...
DEBUG [2024-01-07 11:34:14] Validating Unico input types ...
DEBUG [2024-01-07 11:34:14] Validating Unico matrix structure ...
DEBUG [2024-01-07 11:34:14] Validating Unico matrix dimensions ...
DEBUG [2024-01-07 11:34:14] Validating the order of observations across matrices ...
DEBUG [2024-01-07 11:34:14] Validating Unico input values ...
DEBUG [2024-01-07 11:34:14] Validating model parameters ...
DEBUG [2024-01-07 11:34:14] Validating W, C1, C2 ...
DEBUG [2024-01-07 11:34:14] Validating model parameters types ...
DEBUG [2024-01-07 11:34:14] Validating model parameters structure ...
DEBUG [2024-01-07 11:34:14] Validating model parameters dimensions ...
DEBUG [2024-01-07 11:34:14] Validating model parameters values ...
DEBUG [2024-01-07 11:34:14] Validating inputs are consistent ...
INFO [2024-01-07 11:34:14] Starting tensor ...
INFO [2024-01-07 11:34:14] Initiate cluster ...
INFO [2024-01-07 11:34:15] Parallel is on with 9 nodes.
INFO [2024-01-07 11:34:16] Packages were loaded into the cluster nodes.
INFO [2024-01-07 11:34:16] Stop cluster
INFO [2024-01-07 11:34:16] Formating tensor result ...
INFO [2024-01-07 11:34:16] Finished tensor estimation
INFO [2024-01-07 11:34:29] Start simulation ...
INFO [2024-01-07 11:34:29] Finished simulation
INFO [2024-01-07 11:34:32] Starting Unico ...
INFO [2024-01-07 11:34:32] Validate Unico inputs
INFO [2024-01-07 11:34:32] Starting parameter learning ...
INFO [2024-01-07 11:34:32] Initiate cluster ...
INFO [2024-01-07 11:34:33] Parallel is on with 9 nodes.
INFO [2024-01-07 11:34:34] Packages were loaded into the cluster nodes.
INFO [2024-01-07 11:34:37] Stop cluster
INFO [2024-01-07 11:34:37] Formating results ...
INFO [2024-01-07 11:34:37] Capping extreme values in estimated parameters
INFO [2024-01-07 11:34:37] Finished parameter learning
INFO [2024-01-07 11:34:40] Validate tensor inputs ...
DEBUG [2024-01-07 11:34:40] Validating Unico inputs ...
DEBUG [2024-01-07 11:34:40] Validating Unico input types ...
DEBUG [2024-01-07 11:34:40] Validating Unico matrix structure ...
DEBUG [2024-01-07 11:34:40] Validating Unico matrix dimensions ...
DEBUG [2024-01-07 11:34:40] Validating the order of observations across matrices ...
DEBUG [2024-01-07 11:34:40] Validating Unico input values ...
DEBUG [2024-01-07 11:34:40] Validating model parameters ...
DEBUG [2024-01-07 11:34:40] Validating W, C1, C2 ...
DEBUG [2024-01-07 11:34:40] Validating model parameters types ...
DEBUG [2024-01-07 11:34:40] Validating model parameters structure ...
DEBUG [2024-01-07 11:34:40] Validating model parameters dimensions ...
DEBUG [2024-01-07 11:34:40] Validating model parameters values ...
DEBUG [2024-01-07 11:34:40] Validating inputs are consistent ...
INFO [2024-01-07 11:34:40] Starting tensor ...
INFO [2024-01-07 11:34:40] Initiate cluster ...
INFO [2024-01-07 11:34:40] Parallel is on with 9 nodes.
INFO [2024-01-07 11:34:41] Packages were loaded into the cluster nodes.
INFO [2024-01-07 11:34:41] Stop cluster
INFO [2024-01-07 11:34:41] Formating tensor result ...
INFO [2024-01-07 11:34:41] Finished tensor estimation
INFO [2024-01-07 11:34:59] Start simulation ...
INFO [2024-01-07 11:34:59] Finished simulation
INFO [2024-01-07 11:35:04] Starting Unico ...
INFO [2024-01-07 11:35:04] Validate Unico inputs
INFO [2024-01-07 11:35:05] Starting parameter learning ...
INFO [2024-01-07 11:35:05] Initiate cluster ...
INFO [2024-01-07 11:35:05] Parallel is on with 9 nodes.
INFO [2024-01-07 11:35:06] Packages were loaded into the cluster nodes.
INFO [2024-01-07 11:35:07] Stop cluster
INFO [2024-01-07 11:35:07] Formating results ...
INFO [2024-01-07 11:35:07] Capping extreme values in estimated parameters
INFO [2024-01-07 11:35:07] Finished parameter learning
INFO [2024-01-07 11:35:11] Validate tensor inputs ...
DEBUG [2024-01-07 11:35:11] Validating Unico inputs ...
DEBUG [2024-01-07 11:35:11] Validating Unico input types ...
DEBUG [2024-01-07 11:35:11] Validating Unico matrix structure ...
DEBUG [2024-01-07 11:35:11] Validating Unico matrix dimensions ...
DEBUG [2024-01-07 11:35:11] Validating the order of observations across matrices ...
DEBUG [2024-01-07 11:35:11] Validating Unico input values ...
DEBUG [2024-01-07 11:35:11] Validating model parameters ...
DEBUG [2024-01-07 11:35:11] Validating W, C1, C2 ...
DEBUG [2024-01-07 11:35:11] Validating model parameters types ...
DEBUG [2024-01-07 11:35:11] Validating model parameters structure ...
DEBUG [2024-01-07 11:35:11] Validating model parameters dimensions ...
DEBUG [2024-01-07 11:35:11] Validating model parameters values ...
DEBUG [2024-01-07 11:35:11] Validating inputs are consistent ...
INFO [2024-01-07 11:35:11] Starting tensor ...
INFO [2024-01-07 11:35:11] Initiate cluster ...
INFO [2024-01-07 11:35:12] Parallel is on with 9 nodes.
INFO [2024-01-07 11:35:13] Packages were loaded into the cluster nodes.
INFO [2024-01-07 11:35:13] Stop cluster
INFO [2024-01-07 11:35:13] Formating tensor result ...
INFO [2024-01-07 11:35:13] Finished tensor estimation
INFO [2024-01-07 11:35:27] Start simulation ...
INFO [2024-01-07 11:35:27] Finished simulation
INFO [2024-01-07 11:35:32] Starting Unico ...
INFO [2024-01-07 11:35:32] Validate Unico inputs
INFO [2024-01-07 11:35:32] Starting parameter learning ...
INFO [2024-01-07 11:35:32] Initiate cluster ...
INFO [2024-01-07 11:35:33] Parallel is on with 9 nodes.
INFO [2024-01-07 11:35:34] Packages were loaded into the cluster nodes.
INFO [2024-01-07 11:35:35] Stop cluster
INFO [2024-01-07 11:35:35] Formating results ...
INFO [2024-01-07 11:35:35] Capping extreme values in estimated parameters
INFO [2024-01-07 11:35:35] Finished parameter learning
INFO [2024-01-07 11:35:37] Validate tensor inputs ...
DEBUG [2024-01-07 11:35:37] Validating Unico inputs ...
DEBUG [2024-01-07 11:35:37] Validating Unico input types ...
DEBUG [2024-01-07 11:35:37] Validating Unico matrix structure ...
DEBUG [2024-01-07 11:35:37] Validating Unico matrix dimensions ...
DEBUG [2024-01-07 11:35:37] Validating the order of observations across matrices ...
DEBUG [2024-01-07 11:35:37] Validating Unico input values ...
DEBUG [2024-01-07 11:35:37] Validating model parameters ...
DEBUG [2024-01-07 11:35:37] Validating W, C1, C2 ...
DEBUG [2024-01-07 11:35:37] Validating model parameters types ...
DEBUG [2024-01-07 11:35:37] Validating model parameters structure ...
DEBUG [2024-01-07 11:35:37] Validating model parameters dimensions ...
DEBUG [2024-01-07 11:35:37] Validating model parameters values ...
DEBUG [2024-01-07 11:35:37] Validating inputs are consistent ...
INFO [2024-01-07 11:35:37] Starting tensor ...
INFO [2024-01-07 11:35:37] Initiate cluster ...
INFO [2024-01-07 11:35:38] Parallel is on with 9 nodes.
INFO [2024-01-07 11:35:38] Packages were loaded into the cluster nodes.
INFO [2024-01-07 11:35:39] Stop cluster
INFO [2024-01-07 11:35:39] Formating tensor result ...
INFO [2024-01-07 11:35:39] Finished tensor estimation
INFO [2024-01-07 11:35:47] Start simulation ...
INFO [2024-01-07 11:35:47] Finished simulation
INFO [2024-01-07 11:35:51] Starting Unico ...
INFO [2024-01-07 11:35:51] Validate Unico inputs
INFO [2024-01-07 11:35:51] Starting parameter learning ...
INFO [2024-01-07 11:35:51] Initiate cluster ...
INFO [2024-01-07 11:35:52] Parallel is on with 9 nodes.
INFO [2024-01-07 11:35:53] Packages were loaded into the cluster nodes.
INFO [2024-01-07 11:35:53] Stop cluster
INFO [2024-01-07 11:35:53] Formating results ...
INFO [2024-01-07 11:35:53] Capping extreme values in estimated parameters
INFO [2024-01-07 11:35:53] Finished parameter learning
INFO [2024-01-07 11:35:56] Validate tensor inputs ...
DEBUG [2024-01-07 11:35:56] Validating Unico inputs ...
DEBUG [2024-01-07 11:35:56] Validating Unico input types ...
DEBUG [2024-01-07 11:35:56] Validating Unico matrix structure ...
DEBUG [2024-01-07 11:35:56] Validating Unico matrix dimensions ...
DEBUG [2024-01-07 11:35:56] Validating the order of observations across matrices ...
DEBUG [2024-01-07 11:35:56] Validating Unico input values ...
DEBUG [2024-01-07 11:35:56] Validating model parameters ...
DEBUG [2024-01-07 11:35:56] Validating W, C1, C2 ...
DEBUG [2024-01-07 11:35:56] Validating model parameters types ...
DEBUG [2024-01-07 11:35:56] Validating model parameters structure ...
DEBUG [2024-01-07 11:35:56] Validating model parameters dimensions ...
DEBUG [2024-01-07 11:35:56] Validating model parameters values ...
DEBUG [2024-01-07 11:35:56] Validating inputs are consistent ...
INFO [2024-01-07 11:35:56] Starting tensor ...
INFO [2024-01-07 11:35:56] Initiate cluster ...
INFO [2024-01-07 11:35:57] Parallel is on with 9 nodes.
INFO [2024-01-07 11:35:57] Packages were loaded into the cluster nodes.
INFO [2024-01-07 11:35:58] Stop cluster
INFO [2024-01-07 11:35:58] Formating tensor result ...
INFO [2024-01-07 11:35:58] Finished tensor estimation
INFO [2024-01-07 11:36:13] Start simulation ...
INFO [2024-01-07 11:36:13] Finished simulation
INFO [2024-01-07 11:36:18] Validate tensor inputs ...
DEBUG [2024-01-07 11:36:18] Validating Unico inputs ...
DEBUG [2024-01-07 11:36:18] Validating Unico input types ...
DEBUG [2024-01-07 11:36:18] Validating Unico matrix structure ...
DEBUG [2024-01-07 11:36:18] Validating Unico matrix dimensions ...
DEBUG [2024-01-07 11:36:18] Validating the order of observations across matrices ...
DEBUG [2024-01-07 11:36:18] Validating Unico input values ...
DEBUG [2024-01-07 11:36:18] Validating model parameters ...
DEBUG [2024-01-07 11:36:18] Validating W, C1, C2 ...
DEBUG [2024-01-07 11:36:18] Validating model parameters types ...
DEBUG [2024-01-07 11:36:18] Validating model parameters structure ...
DEBUG [2024-01-07 11:36:18] Validating model parameters dimensions ...
DEBUG [2024-01-07 11:36:18] Validating model parameters values ...
DEBUG [2024-01-07 11:36:18] Validating inputs are consistent ...
INFO [2024-01-07 11:36:22] Starting Unico ...
INFO [2024-01-07 11:36:22] Validate Unico inputs
INFO [2024-01-07 11:36:22] Starting parameter learning ...
INFO [2024-01-07 11:36:22] Initiate cluster ...
INFO [2024-01-07 11:36:23] Parallel is on with 9 nodes.
INFO [2024-01-07 11:36:23] Packages were loaded into the cluster nodes.
INFO [2024-01-07 11:36:24] Stop cluster
INFO [2024-01-07 11:36:24] Formating results ...
INFO [2024-01-07 11:36:24] Capping extreme values in estimated parameters
INFO [2024-01-07 11:36:24] Finished parameter learning
INFO [2024-01-07 11:36:26] Validate tensor inputs ...
DEBUG [2024-01-07 11:36:26] Validating Unico inputs ...
DEBUG [2024-01-07 11:36:26] Validating Unico input types ...
DEBUG [2024-01-07 11:36:26] Validating Unico matrix structure ...
DEBUG [2024-01-07 11:36:26] Validating Unico matrix dimensions ...
DEBUG [2024-01-07 11:36:26] Validating the order of observations across matrices ...
DEBUG [2024-01-07 11:36:26] Validating Unico input values ...
DEBUG [2024-01-07 11:36:26] Validating model parameters ...
DEBUG [2024-01-07 11:36:26] Validating W, C1, C2 ...
DEBUG [2024-01-07 11:36:26] Validating model parameters types ...
DEBUG [2024-01-07 11:36:26] Validating model parameters structure ...
DEBUG [2024-01-07 11:36:26] Validating model parameters dimensions ...
DEBUG [2024-01-07 11:36:26] Validating model parameters values ...
DEBUG [2024-01-07 11:36:26] Validating inputs are consistent ...
INFO [2024-01-07 11:36:26] Starting tensor ...
INFO [2024-01-07 11:36:26] Initiate cluster ...
INFO [2024-01-07 11:36:27] Parallel is on with 9 nodes.
INFO [2024-01-07 11:36:28] Packages were loaded into the cluster nodes.
INFO [2024-01-07 11:36:28] Stop cluster
INFO [2024-01-07 11:36:28] Formating tensor result ...
INFO [2024-01-07 11:36:28] Finished tensor estimation
INFO [2024-01-07 11:36:51] Start simulation ...
INFO [2024-01-07 11:36:51] Finished simulation
INFO [2024-01-07 11:36:56] Starting Unico ...
INFO [2024-01-07 11:36:56] Validate Unico inputs
INFO [2024-01-07 11:36:56] Starting parameter learning ...
INFO [2024-01-07 11:36:56] Initiate cluster ...
INFO [2024-01-07 11:36:57] Parallel is on with 9 nodes.
INFO [2024-01-07 11:36:58] Packages were loaded into the cluster nodes.
INFO [2024-01-07 11:36:58] Stop cluster
INFO [2024-01-07 11:36:58] Formating results ...
INFO [2024-01-07 11:36:58] Capping extreme values in estimated parameters
INFO [2024-01-07 11:36:58] Finished parameter learning
INFO [2024-01-07 11:37:01] Validate tensor inputs ...
DEBUG [2024-01-07 11:37:01] Validating Unico inputs ...
DEBUG [2024-01-07 11:37:01] Validating Unico input types ...
DEBUG [2024-01-07 11:37:01] Validating Unico matrix structure ...
DEBUG [2024-01-07 11:37:01] Validating Unico matrix dimensions ...
DEBUG [2024-01-07 11:37:01] Validating the order of observations across matrices ...
DEBUG [2024-01-07 11:37:01] Validating Unico input values ...
DEBUG [2024-01-07 11:37:01] Validating model parameters ...
DEBUG [2024-01-07 11:37:01] Validating W, C1, C2 ...
DEBUG [2024-01-07 11:37:01] Validating model parameters types ...
DEBUG [2024-01-07 11:37:01] Validating model parameters structure ...
DEBUG [2024-01-07 11:37:01] Validating model parameters dimensions ...
DEBUG [2024-01-07 11:37:01] Validating model parameters values ...
DEBUG [2024-01-07 11:37:01] Validating inputs are consistent ...
INFO [2024-01-07 11:37:01] Starting tensor ...
INFO [2024-01-07 11:37:01] Initiate cluster ...
INFO [2024-01-07 11:37:01] Parallel is on with 9 nodes.
INFO [2024-01-07 11:37:02] Packages were loaded into the cluster nodes.
INFO [2024-01-07 11:37:02] Stop cluster
INFO [2024-01-07 11:37:02] Formating tensor result ...
INFO [2024-01-07 11:37:02] Finished tensor estimation
INFO [2024-01-07 11:43:50] Start simulation ...
INFO [2024-01-07 11:43:50] Finished simulation
INFO [2024-01-07 11:44:11] Starting Unico ...
INFO [2024-01-07 11:44:11] Validate Unico inputs
INFO [2024-01-07 11:44:11] Starting parameter learning ...
INFO [2024-01-07 11:44:12] Formating results ...
INFO [2024-01-07 11:44:12] Capping extreme values in estimated parameters
INFO [2024-01-07 11:44:12] Finished parameter learning
INFO [2024-01-07 11:44:16] Validate tensor inputs ...
INFO [2024-01-07 11:44:16] Starting tensor ...
INFO [2024-01-07 11:44:16] Initiate cluster ...
INFO [2024-01-07 11:44:17] Parallel is on with 9 nodes.
INFO [2024-01-07 11:44:18] Packages were loaded into the cluster nodes.
INFO [2024-01-07 11:44:18] Stop cluster
INFO [2024-01-07 11:44:18] Formating tensor result ...
INFO [2024-01-07 11:44:18] Finished tensor estimation
INFO [2024-01-07 11:45:03] Validate tensor inputs ...
INFO [2024-01-07 11:45:03] Starting tensor ...
INFO [2024-01-07 11:45:03] Formating tensor result ...
INFO [2024-01-07 11:45:03] Finished tensor estimation
INFO [2024-01-07 11:45:22] Validate parametric inputs ...
INFO [2024-01-07 11:45:22] Preparing weights for parametric pvals calculation ...
INFO [2024-01-07 11:45:22] Starting parametric pvals calculation: parametric ...
INFO [2024-01-07 11:45:22] Initiate cluster ...
INFO [2024-01-07 11:45:23] Parallel is on with 9 nodes.
INFO [2024-01-07 11:45:24] Packages were loaded into the cluster nodes.
INFO [2024-01-07 11:45:24] Stop cluster
INFO [2024-01-07 11:45:24] Finished parametric pvals calculation: parametric
INFO [2024-01-07 11:45:33] Validate parametric inputs ...
INFO [2024-01-07 11:45:33] Preparing weights for parametric pvals calculation ...
INFO [2024-01-07 11:45:33] Starting parametric pvals calculation: parametric ...
INFO [2024-01-07 11:45:33] Finished parametric pvals calculation: parametric
INFO [2024-01-07 11:46:04] Validate asymptotic inputs ...
INFO [2024-01-07 11:46:04] Preparing weights for asymptotic pvals calculation ...
INFO [2024-01-07 11:46:04] Starting asymptotic pvals calculation: asymptotic ...
INFO [2024-01-07 11:46:04] Finished asymptotic pvals calculation: asymptotic
INFO [2024-01-07 11:47:15] Start simulation ...
INFO [2024-01-07 11:47:15] Finished simulation
INFO [2024-01-07 12:08:30] Starting Unico ...
INFO [2024-01-07 12:08:30] Validate Unico inputs
INFO [2024-01-07 12:08:30] Starting parameter learning ...
INFO [2024-01-07 12:08:30] Initiate cluster ...
INFO [2024-01-07 12:08:31] Parallel is on with 9 nodes.
INFO [2024-01-07 12:08:31] Packages were loaded into the cluster nodes.
INFO [2024-01-07 12:08:32] Stop cluster
INFO [2024-01-07 12:08:32] Formating results ...
INFO [2024-01-07 12:08:32] Capping extreme values in estimated parameters
INFO [2024-01-07 12:08:32] Finished parameter learning
INFO [2024-01-07 12:09:09] Validate parametric inputs ...
INFO [2024-01-07 12:09:09] Preparing weights for parametric pvals calculation ...
INFO [2024-01-07 12:09:09] Starting parametric pvals calculation: parametric ...
INFO [2024-01-07 12:09:09] Initiate cluster ...
INFO [2024-01-07 12:09:10] Parallel is on with 9 nodes.
INFO [2024-01-07 12:09:10] Packages were loaded into the cluster nodes.
INFO [2024-01-07 12:09:11] Stop cluster
INFO [2024-01-07 12:09:11] Finished parametric pvals calculation: parametric
INFO [2024-01-07 12:09:59] Starting Unico ...
INFO [2024-01-07 12:09:59] Validate Unico inputs
INFO [2024-01-07 12:09:59] Starting parameter learning ...
INFO [2024-01-07 12:09:59] Initiate cluster ...
INFO [2024-01-07 12:10:00] Parallel is on with 9 nodes.
INFO [2024-01-07 12:10:01] Packages were loaded into the cluster nodes.
INFO [2024-01-07 12:10:05] Stop cluster
INFO [2024-01-07 12:10:05] Formating results ...
INFO [2024-01-07 12:10:05] Capping extreme values in estimated parameters
INFO [2024-01-07 12:10:05] Finished parameter learning
INFO [2024-01-07 12:10:05] Validate parametric inputs ...
INFO [2024-01-07 12:10:05] Preparing weights for parametric pvals calculation ...
INFO [2024-01-07 12:10:05] Starting parametric pvals calculation: parametric ...
INFO [2024-01-07 12:10:05] Initiate cluster ...
INFO [2024-01-07 12:10:06] Parallel is on with 9 nodes.
INFO [2024-01-07 12:10:07] Packages were loaded into the cluster nodes.
INFO [2024-01-07 12:10:07] Stop cluster
INFO [2024-01-07 12:10:07] Finished parametric pvals calculation: parametric
INFO [2024-01-07 12:10:42] Starting Unico ...
INFO [2024-01-07 12:10:42] Validate Unico inputs
INFO [2024-01-07 12:10:42] Starting parameter learning ...
INFO [2024-01-07 12:10:42] Initiate cluster ...
INFO [2024-01-07 12:10:43] Parallel is on with 9 nodes.
INFO [2024-01-07 12:10:44] Packages were loaded into the cluster nodes.
INFO [2024-01-07 12:10:47] Stop cluster
INFO [2024-01-07 12:10:47] Formating results ...
INFO [2024-01-07 12:10:47] Capping extreme values in estimated parameters
INFO [2024-01-07 12:10:47] Finished parameter learning
INFO [2024-01-07 12:10:47] Validate parametric inputs ...
INFO [2024-01-07 12:10:47] Preparing weights for parametric pvals calculation ...
INFO [2024-01-07 12:10:47] Starting parametric pvals calculation: parametric ...
INFO [2024-01-07 12:10:47] Initiate cluster ...
INFO [2024-01-07 12:10:48] Parallel is on with 9 nodes.
INFO [2024-01-07 12:10:49] Packages were loaded into the cluster nodes.
INFO [2024-01-07 12:10:49] Stop cluster
INFO [2024-01-07 12:10:49] Finished parametric pvals calculation: parametric
INFO [2024-01-07 12:13:08] Starting Unico ...
INFO [2024-01-07 12:13:08] Validate Unico inputs
INFO [2024-01-07 12:13:08] Starting parameter learning ...
INFO [2024-01-07 12:13:08] Initiate cluster ...
INFO [2024-01-07 12:13:09] Parallel is on with 9 nodes.
INFO [2024-01-07 12:13:10] Packages were loaded into the cluster nodes.
INFO [2024-01-07 12:13:13] Stop cluster
INFO [2024-01-07 12:13:13] Formating results ...
INFO [2024-01-07 12:13:13] Capping extreme values in estimated parameters
INFO [2024-01-07 12:13:13] Finished parameter learning
INFO [2024-01-07 12:13:31] Starting Unico ...
INFO [2024-01-07 12:13:31] Validate Unico inputs
INFO [2024-01-07 12:13:45] Starting Unico ...
INFO [2024-01-07 12:13:45] Validate Unico inputs
INFO [2024-01-07 12:13:45] Starting parameter learning ...
INFO [2024-01-07 12:13:45] Initiate cluster ...
INFO [2024-01-07 12:13:46] Parallel is on with 9 nodes.
INFO [2024-01-07 12:13:47] Packages were loaded into the cluster nodes.
INFO [2024-01-07 12:13:50] Stop cluster
INFO [2024-01-07 12:13:50] Formating results ...
INFO [2024-01-07 12:13:50] Capping extreme values in estimated parameters
INFO [2024-01-07 12:13:50] Finished parameter learning
INFO [2024-01-07 12:13:55] Starting Unico ...
INFO [2024-01-07 12:13:55] Validate Unico inputs
INFO [2024-01-07 12:16:06] Validate tensor inputs ...
INFO [2024-01-07 12:16:06] Starting tensor ...
INFO [2024-01-07 12:16:06] Initiate cluster ...
INFO [2024-01-07 12:16:07] Parallel is on with 9 nodes.
INFO [2024-01-07 12:16:07] Packages were loaded into the cluster nodes.
INFO [2024-01-07 12:16:08] Stop cluster
INFO [2024-01-07 12:16:08] Formating tensor result ...
INFO [2024-01-07 12:16:08] Finished tensor estimation
INFO [2024-01-07 12:57:20] Starting Unico ...
INFO [2024-01-07 12:57:20] Validate Unico inputs
INFO [2024-01-07 12:57:20] Starting parameter learning ...
INFO [2024-01-07 12:57:20] Initiate cluster ...
INFO [2024-01-07 12:57:21] Parallel is on with 9 nodes.
INFO [2024-01-07 12:57:22] Packages were loaded into the cluster nodes.
INFO [2024-01-07 12:57:25] Stop cluster
INFO [2024-01-07 12:57:25] Formating results ...
INFO [2024-01-07 12:57:25] Capping extreme values in estimated parameters
INFO [2024-01-07 12:57:25] Finished parameter learning
INFO [2024-01-07 12:57:25] Validate tensor inputs ...
INFO [2024-01-07 12:57:25] Starting tensor ...
INFO [2024-01-07 12:57:25] Initiate cluster ...
INFO [2024-01-07 12:57:26] Parallel is on with 9 nodes.
INFO [2024-01-07 12:57:27] Packages were loaded into the cluster nodes.
INFO [2024-01-07 12:57:27] Stop cluster
INFO [2024-01-07 12:57:27] Formating tensor result ...
INFO [2024-01-07 12:57:27] Finished tensor estimation
INFO [2024-01-07 13:27:43] Starting Unico ...
INFO [2024-01-07 13:27:43] Validate Unico inputs
INFO [2024-01-07 13:27:43] Starting parameter learning ...
INFO [2024-01-07 13:27:43] Initiate cluster ...
INFO [2024-01-07 13:27:44] Parallel is on with 9 nodes.
INFO [2024-01-07 13:27:45] Packages were loaded into the cluster nodes.
INFO [2024-01-07 13:27:48] Stop cluster
INFO [2024-01-07 13:27:48] Formating results ...
INFO [2024-01-07 13:27:48] Capping extreme values in estimated parameters
INFO [2024-01-07 13:27:48] Finished parameter learning
INFO [2024-01-07 13:27:48] Validate tensor inputs ...
INFO [2024-01-07 13:27:48] Starting tensor ...
INFO [2024-01-07 13:27:48] Initiate cluster ...
INFO [2024-01-07 13:27:49] Parallel is on with 9 nodes.
INFO [2024-01-07 13:27:49] Packages were loaded into the cluster nodes.
INFO [2024-01-07 13:27:50] Stop cluster
INFO [2024-01-07 13:27:50] Formating tensor result ...
INFO [2024-01-07 13:27:50] Finished tensor estimation
INFO [2024-01-07 13:29:32] Validate tensor inputs ...
INFO [2024-01-07 13:29:44] Validate tensor inputs ...
INFO [2024-01-07 13:29:46] Validate tensor inputs ...
INFO [2024-01-07 13:30:02] Starting Unico ...
INFO [2024-01-07 13:30:02] Validate Unico inputs
INFO [2024-01-07 13:30:02] Starting parameter learning ...
INFO [2024-01-07 13:30:02] Initiate cluster ...
INFO [2024-01-07 13:30:03] Parallel is on with 9 nodes.
INFO [2024-01-07 13:30:04] Packages were loaded into the cluster nodes.
INFO [2024-01-07 13:30:07] Stop cluster
INFO [2024-01-07 13:30:07] Formating results ...
INFO [2024-01-07 13:30:07] Capping extreme values in estimated parameters
INFO [2024-01-07 13:30:07] Finished parameter learning
INFO [2024-01-07 13:30:08] Validate tensor inputs ...
INFO [2024-01-07 13:30:08] Starting tensor ...
INFO [2024-01-07 13:30:08] Initiate cluster ...
INFO [2024-01-07 13:30:09] Parallel is on with 9 nodes.
INFO [2024-01-07 13:30:10] Packages were loaded into the cluster nodes.
INFO [2024-01-07 13:30:10] Stop cluster
INFO [2024-01-07 13:30:10] Formating tensor result ...
INFO [2024-01-07 13:30:10] Finished tensor estimation
INFO [2024-01-07 14:48:54] Starting Unico ...
INFO [2024-01-07 14:49:15] Starting Unico ...
INFO [2024-01-07 14:49:15] Validate Unico inputs
INFO [2024-01-07 14:49:15] Starting parameter learning ...
INFO [2024-01-07 14:49:15] Initiate cluster ...
INFO [2024-01-07 14:49:16] Parallel is on with 9 nodes.
INFO [2024-01-07 14:49:17] Packages were loaded into the cluster nodes.
INFO [2024-01-07 14:49:51] Stop cluster
INFO [2024-01-07 14:49:51] Formating results ...
INFO [2024-01-07 14:49:51] Capping extreme values in estimated parameters
INFO [2024-01-07 14:49:51] Finished parameter learning
INFO [2024-01-07 14:49:51] Validate tensor inputs ...
INFO [2024-01-07 14:49:51] Starting tensor ...
INFO [2024-01-07 14:49:52] Formating tensor result ...
INFO [2024-01-07 14:49:52] Finished tensor estimation
INFO [2024-01-07 21:09:02] Start simulation ...
INFO [2024-01-07 21:09:02] Finished simulation
INFO [2024-01-07 21:09:02] Starting Unico ...
INFO [2024-01-07 21:09:02] Validate Unico inputs
INFO [2024-01-07 21:09:02] Starting parameter learning ...
INFO [2024-01-07 21:09:02] Initiate cluster ...
INFO [2024-01-07 21:09:02] DELETE THIS max core: 9
INFO [2024-01-07 21:09:02] DELETE THIS number core: 4
INFO [2024-01-07 21:09:02] DELETE THIS right before makeCluster
INFO [2024-01-07 21:09:02] DELETE THIS right after makeCluster
INFO [2024-01-07 21:09:02] Parallel is on with 4 nodes.
INFO [2024-01-07 21:09:03] Packages were loaded into the cluster nodes.
INFO [2024-01-07 21:09:03] Stop cluster
INFO [2024-01-07 21:09:03] Formating results ...
INFO [2024-01-07 21:09:03] Capping extreme values in estimated parameters
INFO [2024-01-07 21:09:03] Finished parameter learning
INFO [2024-01-07 21:09:09] Start simulation ...
INFO [2024-01-07 21:09:09] Finished simulation
INFO [2024-01-07 21:09:09] Starting Unico ...
INFO [2024-01-07 21:09:09] Validate Unico inputs
INFO [2024-01-07 21:09:09] Starting parameter learning ...
INFO [2024-01-07 21:09:09] Initiate cluster ...
INFO [2024-01-07 21:09:09] num_cores is set to maximum number of cores detected: 9 .
INFO [2024-01-07 21:09:09] DELETE THIS max core: 9
INFO [2024-01-07 21:09:09] DELETE THIS number core: 9
INFO [2024-01-07 21:09:09] DELETE THIS right before makeCluster
INFO [2024-01-07 21:09:10] DELETE THIS right after makeCluster
INFO [2024-01-07 21:09:10] Parallel is on with 9 nodes.
INFO [2024-01-07 21:09:11] Packages were loaded into the cluster nodes.
INFO [2024-01-07 21:09:11] Stop cluster
INFO [2024-01-07 21:09:11] Formating results ...
INFO [2024-01-07 21:09:11] Capping extreme values in estimated parameters
INFO [2024-01-07 21:09:11] Finished parameter learning
